
┌─────────────┐
│ file header │
└─────────────┘

# file: base.py
# content: App class definition
# created: 2020 March 21
# modified: 2025 April 15
# author: Roch Schanen
# repository:
# comment:

┌──────────────┐
│ code version │
└──────────────┘

code version is '0.0'

┌──────────────────┐
│ versions history │
└──────────────────┘


version  : 0.0
created  : 21 March 2020
modified : 20 April 2025

    classes:

        . app()
            app.Start()
            app.Run()

    hidden classes:
        
        . _basePanel(parent)        
        
        . _baseFrm()
            
    hidden constants:

        . _VERSION_HISTORY['0.0']

        . _ESCAPE 

        . _wxPanel
        . _wxFrame
        . _wxApp
        . _wxID_ANY
        . _wxDefaultPosition
        . _wxDefaultSize
        . _wxNO_BORDER
        . _wxDEFAULT_FRAME_STYLE
        . _wxRESIZE_BORDER
        . _wxMAXIMIZE_BOX
        . _wxPaintDC
        . _wxEVT_PAINT
        . _wxEVT_KEY_DOWN
        . _wxWXK_ESCAPE
        . _wxEVT_ERASE_BACKGROUND
        . _wxExit


┌──────┐
│ TEST │
└──────┘

running test version 0.0
